<?xml version="1.0" encoding="UTF-8"?>
<!-- Generated by org.testng.reporters.JUnitReportReporter -->
<testsuite hostname="LAPTOP-2NMM3OB9" failures="0" tests="2" name="Academy.HomePage" time="7.852" errors="0" timestamp="25 Aug 2022 12:04:27 GMT">
  <testcase classname="Academy.HomePage" name="basePageNavigation" time="2.659"/>
  <testcase classname="Academy.HomePage" name="basePageNavigation" time="5.193"/>
</testsuite> <!-- Academy.HomePage -->
