<?xml version="1.0" encoding="UTF-8"?>
<!-- Generated by org.testng.reporters.JUnitReportReporter -->
<testsuite hostname="LAPTOP-2NMM3OB9" failures="0" tests="1" name="Academy.validateNavigationBar" time="0.068" errors="0" timestamp="25 Aug 2022 12:04:27 GMT">
  <testcase classname="Academy.validateNavigationBar" name="validateAppNavBar" time="0.068"/>
</testsuite> <!-- Academy.validateNavigationBar -->
